0 info it worked if it ends with ok
1 verbose cli [ '/usr/bin/node', '/usr/bin/npm', 'install' ]
2 info using npm@3.5.2
3 info using node@v8.10.0
4 silly loadCurrentTree Starting
5 silly install loadCurrentTree
6 silly install readLocalPackageData
7 silly install normalizeTree
8 silly loadCurrentTree Finishing
9 silly loadIdealTree Starting
10 silly install loadIdealTree
11 silly cloneCurrentTree Starting
12 silly install cloneCurrentTreeToIdealTree
13 silly cloneCurrentTree Finishing
14 silly loadShrinkwrap Starting
15 silly install loadShrinkwrap
16 silly loadShrinkwrap Finishing
17 silly loadAllDepsIntoIdealTree Starting
18 silly install loadAllDepsIntoIdealTree
19 silly loadAllDepsIntoIdealTree Finishing
20 silly idealTree:prePrune mean-stack-registration-login-example@1.0.0
20 silly idealTree:prePrune ├── accepts@1.3.5
20 silly idealTree:prePrune ├── ajv@6.9.2
20 silly idealTree:prePrune ├── angular-timer@1.3.5
20 silly idealTree:prePrune ├── array-flatten@1.1.1
20 silly idealTree:prePrune ├── asn1@0.2.4
20 silly idealTree:prePrune ├── assert-plus@1.0.0
20 silly idealTree:prePrune ├── async@1.5.2
20 silly idealTree:prePrune ├── asynckit@0.4.0
20 silly idealTree:prePrune ├── aws-sign2@0.7.0
20 silly idealTree:prePrune ├── aws4@1.8.0
20 silly idealTree:prePrune ├── bcrypt-pbkdf@1.0.2
20 silly idealTree:prePrune ├── bcryptjs@2.4.3
20 silly idealTree:prePrune ├── bluebird@2.9.26
20 silly idealTree:prePrune ├── body-parser@1.18.3
20 silly idealTree:prePrune ├── bson@1.0.9
20 silly idealTree:prePrune ├── buffer-equal-constant-time@1.0.1
20 silly idealTree:prePrune ├── buffer-shims@1.0.0
20 silly idealTree:prePrune ├── bytes@3.0.0
20 silly idealTree:prePrune ├── caseless@0.12.0
20 silly idealTree:prePrune ├── combined-stream@1.0.7
20 silly idealTree:prePrune ├── content-disposition@0.5.2
20 silly idealTree:prePrune ├── content-type@1.0.4
20 silly idealTree:prePrune ├── cookie-signature@1.0.6
20 silly idealTree:prePrune ├── cookie@0.3.1
20 silly idealTree:prePrune ├── core-util-is@1.0.2
20 silly idealTree:prePrune ├── crc@3.4.4
20 silly idealTree:prePrune ├── dashdash@1.14.1
20 silly idealTree:prePrune ├── debug@2.6.9
20 silly idealTree:prePrune ├── delayed-stream@1.0.0
20 silly idealTree:prePrune ├── depd@1.1.2
20 silly idealTree:prePrune ├── destroy@1.0.4
20 silly idealTree:prePrune ├── ecc-jsbn@0.1.2
20 silly idealTree:prePrune ├── ecdsa-sig-formatter@1.0.11
20 silly idealTree:prePrune ├── ee-first@1.1.1
20 silly idealTree:prePrune ├── ejs@2.6.1
20 silly idealTree:prePrune ├── encodeurl@1.0.2
20 silly idealTree:prePrune ├── es6-promise@3.2.1
20 silly idealTree:prePrune ├── escape-html@1.0.3
20 silly idealTree:prePrune ├── etag@1.8.1
20 silly idealTree:prePrune ├── express-jwt@3.4.0
20 silly idealTree:prePrune ├── express-session@1.15.6
20 silly idealTree:prePrune ├── express-unless@0.3.1
20 silly idealTree:prePrune ├─┬ express@4.16.4
20 silly idealTree:prePrune │ └── statuses@1.4.0
20 silly idealTree:prePrune ├── extend@3.0.2
20 silly idealTree:prePrune ├── extsprintf@1.3.0
20 silly idealTree:prePrune ├── fast-deep-equal@2.0.1
20 silly idealTree:prePrune ├── fast-json-stable-stringify@2.0.0
20 silly idealTree:prePrune ├─┬ finalhandler@1.1.1
20 silly idealTree:prePrune │ └── statuses@1.4.0
20 silly idealTree:prePrune ├── forever-agent@0.6.1
20 silly idealTree:prePrune ├── form-data@2.3.3
20 silly idealTree:prePrune ├── forwarded@0.1.2
20 silly idealTree:prePrune ├── fresh@0.5.2
20 silly idealTree:prePrune ├── getpass@0.1.7
20 silly idealTree:prePrune ├── har-schema@2.0.0
20 silly idealTree:prePrune ├── har-validator@5.1.3
20 silly idealTree:prePrune ├── hooks-fixed@1.1.0
20 silly idealTree:prePrune ├── http-errors@1.6.3
20 silly idealTree:prePrune ├── http-signature@1.2.0
20 silly idealTree:prePrune ├── humanize-duration@3.17.0
20 silly idealTree:prePrune ├── iconv-lite@0.4.23
20 silly idealTree:prePrune ├── inherits@2.0.3
20 silly idealTree:prePrune ├── ipaddr.js@1.8.0
20 silly idealTree:prePrune ├── is-typedarray@1.0.0
20 silly idealTree:prePrune ├── isarray@1.0.0
20 silly idealTree:prePrune ├── isstream@0.1.2
20 silly idealTree:prePrune ├── jsbn@0.1.1
20 silly idealTree:prePrune ├── json-schema-traverse@0.4.1
20 silly idealTree:prePrune ├── json-schema@0.2.3
20 silly idealTree:prePrune ├── json-stringify-safe@5.0.1
20 silly idealTree:prePrune ├─┬ jsonwebtoken@5.7.0
20 silly idealTree:prePrune │ └── ms@0.7.3
20 silly idealTree:prePrune ├── jsprim@1.4.1
20 silly idealTree:prePrune ├── jwa@1.3.0
20 silly idealTree:prePrune ├── jws@3.2.1
20 silly idealTree:prePrune ├── kareem@1.0.1
20 silly idealTree:prePrune ├── lodash.set@4.3.2
20 silly idealTree:prePrune ├── lodash@3.10.1
20 silly idealTree:prePrune ├── media-typer@0.3.0
20 silly idealTree:prePrune ├── merge-descriptors@1.0.1
20 silly idealTree:prePrune ├── methods@1.1.2
20 silly idealTree:prePrune ├── mime-db@1.38.0
20 silly idealTree:prePrune ├── mime-types@2.1.22
20 silly idealTree:prePrune ├── mime@1.4.1
20 silly idealTree:prePrune ├── moment@2.24.0
20 silly idealTree:prePrune ├─┬ mongodb-core@1.2.26
20 silly idealTree:prePrune │ └── bson@0.4.23
20 silly idealTree:prePrune ├─┬ mongodb@2.2.19
20 silly idealTree:prePrune │ └── mongodb-core@2.1.4
20 silly idealTree:prePrune ├─┬ mongoose@4.3.1
20 silly idealTree:prePrune │ ├── async@0.9.0
20 silly idealTree:prePrune │ ├── bson@0.4.19
20 silly idealTree:prePrune │ ├── es6-promise@3.0.2
20 silly idealTree:prePrune │ ├── isarray@0.0.1
20 silly idealTree:prePrune │ ├── mongodb@2.1.0
20 silly idealTree:prePrune │ ├── ms@0.7.1
20 silly idealTree:prePrune │ └── readable-stream@1.0.31
20 silly idealTree:prePrune ├── mongoskin@2.1.0
20 silly idealTree:prePrune ├── mpath@0.1.1
20 silly idealTree:prePrune ├── mpromise@0.5.4
20 silly idealTree:prePrune ├─┬ mquery@1.6.3
20 silly idealTree:prePrune │ ├── debug@2.2.0
20 silly idealTree:prePrune │ └── ms@0.7.1
20 silly idealTree:prePrune ├── ms@2.0.0
20 silly idealTree:prePrune ├── muri@1.0.0
20 silly idealTree:prePrune ├── negotiator@0.6.1
20 silly idealTree:prePrune ├── ng-file-upload@12.2.13
20 silly idealTree:prePrune ├── oauth-sign@0.9.0
20 silly idealTree:prePrune ├── on-finished@2.3.0
20 silly idealTree:prePrune ├── on-headers@1.0.2
20 silly idealTree:prePrune ├── parseurl@1.3.2
20 silly idealTree:prePrune ├── path-to-regexp@0.1.7
20 silly idealTree:prePrune ├── performance-now@2.1.0
20 silly idealTree:prePrune ├── process-nextick-args@1.0.7
20 silly idealTree:prePrune ├── proxy-addr@2.0.4
20 silly idealTree:prePrune ├── psl@1.1.31
20 silly idealTree:prePrune ├── punycode@2.1.1
20 silly idealTree:prePrune ├── q@1.5.1
20 silly idealTree:prePrune ├── qs@6.5.2
20 silly idealTree:prePrune ├── random-bytes@1.0.0
20 silly idealTree:prePrune ├── range-parser@1.2.0
20 silly idealTree:prePrune ├── raw-body@2.3.3
20 silly idealTree:prePrune ├── readable-stream@2.1.5
20 silly idealTree:prePrune ├── regexp-clone@0.0.1
20 silly idealTree:prePrune ├── request@2.88.0
20 silly idealTree:prePrune ├── require_optional@1.0.1
20 silly idealTree:prePrune ├── resolve-from@2.0.0
20 silly idealTree:prePrune ├── rootpath@0.1.2
20 silly idealTree:prePrune ├── safe-buffer@5.1.2
20 silly idealTree:prePrune ├── safer-buffer@2.1.2
20 silly idealTree:prePrune ├── semver@5.6.0
20 silly idealTree:prePrune ├─┬ send@0.16.2
20 silly idealTree:prePrune │ └── statuses@1.4.0
20 silly idealTree:prePrune ├── serve-static@1.13.2
20 silly idealTree:prePrune ├── setprototypeof@1.1.0
20 silly idealTree:prePrune ├── sliced@0.0.5
20 silly idealTree:prePrune ├── sshpk@1.16.1
20 silly idealTree:prePrune ├── statuses@1.5.0
20 silly idealTree:prePrune ├── string_decoder@0.10.31
20 silly idealTree:prePrune ├─┬ tough-cookie@2.4.3
20 silly idealTree:prePrune │ └── punycode@1.4.1
20 silly idealTree:prePrune ├── tunnel-agent@0.6.0
20 silly idealTree:prePrune ├── tweetnacl@0.14.5
20 silly idealTree:prePrune ├── type-is@1.6.16
20 silly idealTree:prePrune ├── uid-safe@2.1.5
20 silly idealTree:prePrune ├── unpipe@1.0.0
20 silly idealTree:prePrune ├── uri-js@4.2.2
20 silly idealTree:prePrune ├── util-deprecate@1.0.2
20 silly idealTree:prePrune ├── utils-merge@1.0.1
20 silly idealTree:prePrune ├── uuid@3.3.2
20 silly idealTree:prePrune ├── vary@1.1.2
20 silly idealTree:prePrune ├── verror@1.10.0
20 silly idealTree:prePrune └── xtend@4.0.1
21 silly loadIdealTree Finishing
22 silly currentTree mean-stack-registration-login-example@1.0.0
22 silly currentTree ├── accepts@1.3.5
22 silly currentTree ├── ajv@6.9.2
22 silly currentTree ├── angular-timer@1.3.5
22 silly currentTree ├── array-flatten@1.1.1
22 silly currentTree ├── asn1@0.2.4
22 silly currentTree ├── assert-plus@1.0.0
22 silly currentTree ├── async@1.5.2
22 silly currentTree ├── asynckit@0.4.0
22 silly currentTree ├── aws-sign2@0.7.0
22 silly currentTree ├── aws4@1.8.0
22 silly currentTree ├── bcrypt-pbkdf@1.0.2
22 silly currentTree ├── bcryptjs@2.4.3
22 silly currentTree ├── bluebird@2.9.26
22 silly currentTree ├── body-parser@1.18.3
22 silly currentTree ├── bson@1.0.9
22 silly currentTree ├── buffer-equal-constant-time@1.0.1
22 silly currentTree ├── buffer-shims@1.0.0
22 silly currentTree ├── bytes@3.0.0
22 silly currentTree ├── caseless@0.12.0
22 silly currentTree ├── combined-stream@1.0.7
22 silly currentTree ├── content-disposition@0.5.2
22 silly currentTree ├── content-type@1.0.4
22 silly currentTree ├── cookie-signature@1.0.6
22 silly currentTree ├── cookie@0.3.1
22 silly currentTree ├── core-util-is@1.0.2
22 silly currentTree ├── crc@3.4.4
22 silly currentTree ├── dashdash@1.14.1
22 silly currentTree ├── debug@2.6.9
22 silly currentTree ├── delayed-stream@1.0.0
22 silly currentTree ├── depd@1.1.2
22 silly currentTree ├── destroy@1.0.4
22 silly currentTree ├── ecc-jsbn@0.1.2
22 silly currentTree ├── ecdsa-sig-formatter@1.0.11
22 silly currentTree ├── ee-first@1.1.1
22 silly currentTree ├── ejs@2.6.1
22 silly currentTree ├── encodeurl@1.0.2
22 silly currentTree ├── es6-promise@3.2.1
22 silly currentTree ├── escape-html@1.0.3
22 silly currentTree ├── etag@1.8.1
22 silly currentTree ├── express-jwt@3.4.0
22 silly currentTree ├── express-session@1.15.6
22 silly currentTree ├── express-unless@0.3.1
22 silly currentTree ├─┬ express@4.16.4
22 silly currentTree │ └── statuses@1.4.0
22 silly currentTree ├── extend@3.0.2
22 silly currentTree ├── extsprintf@1.3.0
22 silly currentTree ├── fast-deep-equal@2.0.1
22 silly currentTree ├── fast-json-stable-stringify@2.0.0
22 silly currentTree ├─┬ finalhandler@1.1.1
22 silly currentTree │ └── statuses@1.4.0
22 silly currentTree ├── forever-agent@0.6.1
22 silly currentTree ├── form-data@2.3.3
22 silly currentTree ├── forwarded@0.1.2
22 silly currentTree ├── fresh@0.5.2
22 silly currentTree ├── getpass@0.1.7
22 silly currentTree ├── har-schema@2.0.0
22 silly currentTree ├── har-validator@5.1.3
22 silly currentTree ├── hooks-fixed@1.1.0
22 silly currentTree ├── http-errors@1.6.3
22 silly currentTree ├── http-signature@1.2.0
22 silly currentTree ├── humanize-duration@3.17.0
22 silly currentTree ├── iconv-lite@0.4.23
22 silly currentTree ├── inherits@2.0.3
22 silly currentTree ├── ipaddr.js@1.8.0
22 silly currentTree ├── is-typedarray@1.0.0
22 silly currentTree ├── isarray@1.0.0
22 silly currentTree ├── isstream@0.1.2
22 silly currentTree ├── jsbn@0.1.1
22 silly currentTree ├── json-schema-traverse@0.4.1
22 silly currentTree ├── json-schema@0.2.3
22 silly currentTree ├── json-stringify-safe@5.0.1
22 silly currentTree ├─┬ jsonwebtoken@5.7.0
22 silly currentTree │ └── ms@0.7.3
22 silly currentTree ├── jsprim@1.4.1
22 silly currentTree ├── jwa@1.3.0
22 silly currentTree ├── jws@3.2.1
22 silly currentTree ├── kareem@1.0.1
22 silly currentTree ├── lodash.set@4.3.2
22 silly currentTree ├── lodash@3.10.1
22 silly currentTree ├── media-typer@0.3.0
22 silly currentTree ├── merge-descriptors@1.0.1
22 silly currentTree ├── methods@1.1.2
22 silly currentTree ├── mime-db@1.38.0
22 silly currentTree ├── mime-types@2.1.22
22 silly currentTree ├── mime@1.4.1
22 silly currentTree ├── moment@2.24.0
22 silly currentTree ├─┬ mongodb-core@1.2.26
22 silly currentTree │ └── bson@0.4.23
22 silly currentTree ├─┬ mongodb@2.2.19
22 silly currentTree │ └── mongodb-core@2.1.4
22 silly currentTree ├─┬ mongoose@4.3.1
22 silly currentTree │ ├── async@0.9.0
22 silly currentTree │ ├── bson@0.4.19
22 silly currentTree │ ├── es6-promise@3.0.2
22 silly currentTree │ ├── isarray@0.0.1
22 silly currentTree │ ├── mongodb@2.1.0
22 silly currentTree │ ├── ms@0.7.1
22 silly currentTree │ └── readable-stream@1.0.31
22 silly currentTree ├── mongoskin@2.1.0
22 silly currentTree ├── mpath@0.1.1
22 silly currentTree ├── mpromise@0.5.4
22 silly currentTree ├─┬ mquery@1.6.3
22 silly currentTree │ ├── debug@2.2.0
22 silly currentTree │ └── ms@0.7.1
22 silly currentTree ├── ms@2.0.0
22 silly currentTree ├── muri@1.0.0
22 silly currentTree ├── negotiator@0.6.1
22 silly currentTree ├── ng-file-upload@12.2.13
22 silly currentTree ├── oauth-sign@0.9.0
22 silly currentTree ├── on-finished@2.3.0
22 silly currentTree ├── on-headers@1.0.2
22 silly currentTree ├── parseurl@1.3.2
22 silly currentTree ├── path-to-regexp@0.1.7
22 silly currentTree ├── performance-now@2.1.0
22 silly currentTree ├── process-nextick-args@1.0.7
22 silly currentTree ├── proxy-addr@2.0.4
22 silly currentTree ├── psl@1.1.31
22 silly currentTree ├── punycode@2.1.1
22 silly currentTree ├── q@1.5.1
22 silly currentTree ├── qs@6.5.2
22 silly currentTree ├── random-bytes@1.0.0
22 silly currentTree ├── range-parser@1.2.0
22 silly currentTree ├── raw-body@2.3.3
22 silly currentTree ├── readable-stream@2.1.5
22 silly currentTree ├── regexp-clone@0.0.1
22 silly currentTree ├── request@2.88.0
22 silly currentTree ├── require_optional@1.0.1
22 silly currentTree ├── resolve-from@2.0.0
22 silly currentTree ├── rootpath@0.1.2
22 silly currentTree ├── safe-buffer@5.1.2
22 silly currentTree ├── safer-buffer@2.1.2
22 silly currentTree ├── semver@5.6.0
22 silly currentTree ├─┬ send@0.16.2
22 silly currentTree │ └── statuses@1.4.0
22 silly currentTree ├── serve-static@1.13.2
22 silly currentTree ├── setprototypeof@1.1.0
22 silly currentTree ├── sliced@0.0.5
22 silly currentTree ├── sshpk@1.16.1
22 silly currentTree ├── statuses@1.5.0
22 silly currentTree ├── string_decoder@0.10.31
22 silly currentTree ├─┬ tough-cookie@2.4.3
22 silly currentTree │ └── punycode@1.4.1
22 silly currentTree ├── tunnel-agent@0.6.0
22 silly currentTree ├── tweetnacl@0.14.5
22 silly currentTree ├── type-is@1.6.16
22 silly currentTree ├── uid-safe@2.1.5
22 silly currentTree ├── unpipe@1.0.0
22 silly currentTree ├── uri-js@4.2.2
22 silly currentTree ├── util-deprecate@1.0.2
22 silly currentTree ├── utils-merge@1.0.1
22 silly currentTree ├── uuid@3.3.2
22 silly currentTree ├── vary@1.1.2
22 silly currentTree ├── verror@1.10.0
22 silly currentTree └── xtend@4.0.1
23 silly idealTree mean-stack-registration-login-example@1.0.0
23 silly idealTree ├── accepts@1.3.5
23 silly idealTree ├── ajv@6.9.2
23 silly idealTree ├── angular-timer@1.3.5
23 silly idealTree ├── array-flatten@1.1.1
23 silly idealTree ├── asn1@0.2.4
23 silly idealTree ├── assert-plus@1.0.0
23 silly idealTree ├── async@1.5.2
23 silly idealTree ├── asynckit@0.4.0
23 silly idealTree ├── aws-sign2@0.7.0
23 silly idealTree ├── aws4@1.8.0
23 silly idealTree ├── bcrypt-pbkdf@1.0.2
23 silly idealTree ├── bcryptjs@2.4.3
23 silly idealTree ├── bluebird@2.9.26
23 silly idealTree ├── body-parser@1.18.3
23 silly idealTree ├── bson@1.0.9
23 silly idealTree ├── buffer-equal-constant-time@1.0.1
23 silly idealTree ├── buffer-shims@1.0.0
23 silly idealTree ├── bytes@3.0.0
23 silly idealTree ├── caseless@0.12.0
23 silly idealTree ├── combined-stream@1.0.7
23 silly idealTree ├── content-disposition@0.5.2
23 silly idealTree ├── content-type@1.0.4
23 silly idealTree ├── cookie-signature@1.0.6
23 silly idealTree ├── cookie@0.3.1
23 silly idealTree ├── core-util-is@1.0.2
23 silly idealTree ├── crc@3.4.4
23 silly idealTree ├── dashdash@1.14.1
23 silly idealTree ├── debug@2.6.9
23 silly idealTree ├── delayed-stream@1.0.0
23 silly idealTree ├── depd@1.1.2
23 silly idealTree ├── destroy@1.0.4
23 silly idealTree ├── ecc-jsbn@0.1.2
23 silly idealTree ├── ecdsa-sig-formatter@1.0.11
23 silly idealTree ├── ee-first@1.1.1
23 silly idealTree ├── ejs@2.6.1
23 silly idealTree ├── encodeurl@1.0.2
23 silly idealTree ├── es6-promise@3.2.1
23 silly idealTree ├── escape-html@1.0.3
23 silly idealTree ├── etag@1.8.1
23 silly idealTree ├── express-jwt@3.4.0
23 silly idealTree ├── express-session@1.15.6
23 silly idealTree ├── express-unless@0.3.1
23 silly idealTree ├─┬ express@4.16.4
23 silly idealTree │ └── statuses@1.4.0
23 silly idealTree ├── extend@3.0.2
23 silly idealTree ├── extsprintf@1.3.0
23 silly idealTree ├── fast-deep-equal@2.0.1
23 silly idealTree ├── fast-json-stable-stringify@2.0.0
23 silly idealTree ├─┬ finalhandler@1.1.1
23 silly idealTree │ └── statuses@1.4.0
23 silly idealTree ├── forever-agent@0.6.1
23 silly idealTree ├── form-data@2.3.3
23 silly idealTree ├── forwarded@0.1.2
23 silly idealTree ├── fresh@0.5.2
23 silly idealTree ├── getpass@0.1.7
23 silly idealTree ├── har-schema@2.0.0
23 silly idealTree ├── har-validator@5.1.3
23 silly idealTree ├── hooks-fixed@1.1.0
23 silly idealTree ├── http-errors@1.6.3
23 silly idealTree ├── http-signature@1.2.0
23 silly idealTree ├── humanize-duration@3.17.0
23 silly idealTree ├── iconv-lite@0.4.23
23 silly idealTree ├── inherits@2.0.3
23 silly idealTree ├── ipaddr.js@1.8.0
23 silly idealTree ├── is-typedarray@1.0.0
23 silly idealTree ├── isarray@1.0.0
23 silly idealTree ├── isstream@0.1.2
23 silly idealTree ├── jsbn@0.1.1
23 silly idealTree ├── json-schema-traverse@0.4.1
23 silly idealTree ├── json-schema@0.2.3
23 silly idealTree ├── json-stringify-safe@5.0.1
23 silly idealTree ├─┬ jsonwebtoken@5.7.0
23 silly idealTree │ └── ms@0.7.3
23 silly idealTree ├── jsprim@1.4.1
23 silly idealTree ├── jwa@1.3.0
23 silly idealTree ├── jws@3.2.1
23 silly idealTree ├── kareem@1.0.1
23 silly idealTree ├── lodash.set@4.3.2
23 silly idealTree ├── lodash@3.10.1
23 silly idealTree ├── media-typer@0.3.0
23 silly idealTree ├── merge-descriptors@1.0.1
23 silly idealTree ├── methods@1.1.2
23 silly idealTree ├── mime-db@1.38.0
23 silly idealTree ├── mime-types@2.1.22
23 silly idealTree ├── mime@1.4.1
23 silly idealTree ├── moment@2.24.0
23 silly idealTree ├─┬ mongodb-core@1.2.26
23 silly idealTree │ └── bson@0.4.23
23 silly idealTree ├─┬ mongodb@2.2.19
23 silly idealTree │ └── mongodb-core@2.1.4
23 silly idealTree ├─┬ mongoose@4.3.1
23 silly idealTree │ ├── async@0.9.0
23 silly idealTree │ ├── bson@0.4.19
23 silly idealTree │ ├── es6-promise@3.0.2
23 silly idealTree │ ├── isarray@0.0.1
23 silly idealTree │ ├── mongodb@2.1.0
23 silly idealTree │ ├── ms@0.7.1
23 silly idealTree │ └── readable-stream@1.0.31
23 silly idealTree ├── mongoskin@2.1.0
23 silly idealTree ├── mpath@0.1.1
23 silly idealTree ├── mpromise@0.5.4
23 silly idealTree ├─┬ mquery@1.6.3
23 silly idealTree │ ├── debug@2.2.0
23 silly idealTree │ └── ms@0.7.1
23 silly idealTree ├── ms@2.0.0
23 silly idealTree ├── muri@1.0.0
23 silly idealTree ├── negotiator@0.6.1
23 silly idealTree ├── ng-file-upload@12.2.13
23 silly idealTree ├── oauth-sign@0.9.0
23 silly idealTree ├── on-finished@2.3.0
23 silly idealTree ├── on-headers@1.0.2
23 silly idealTree ├── parseurl@1.3.2
23 silly idealTree ├── path-to-regexp@0.1.7
23 silly idealTree ├── performance-now@2.1.0
23 silly idealTree ├── process-nextick-args@1.0.7
23 silly idealTree ├── proxy-addr@2.0.4
23 silly idealTree ├── psl@1.1.31
23 silly idealTree ├── punycode@2.1.1
23 silly idealTree ├── q@1.5.1
23 silly idealTree ├── qs@6.5.2
23 silly idealTree ├── random-bytes@1.0.0
23 silly idealTree ├── range-parser@1.2.0
23 silly idealTree ├── raw-body@2.3.3
23 silly idealTree ├── readable-stream@2.1.5
23 silly idealTree ├── regexp-clone@0.0.1
23 silly idealTree ├── request@2.88.0
23 silly idealTree ├── require_optional@1.0.1
23 silly idealTree ├── resolve-from@2.0.0
23 silly idealTree ├── rootpath@0.1.2
23 silly idealTree ├── safe-buffer@5.1.2
23 silly idealTree ├── safer-buffer@2.1.2
23 silly idealTree ├── semver@5.6.0
23 silly idealTree ├─┬ send@0.16.2
23 silly idealTree │ └── statuses@1.4.0
23 silly idealTree ├── serve-static@1.13.2
23 silly idealTree ├── setprototypeof@1.1.0
23 silly idealTree ├── sliced@0.0.5
23 silly idealTree ├── sshpk@1.16.1
23 silly idealTree ├── statuses@1.5.0
23 silly idealTree ├── string_decoder@0.10.31
23 silly idealTree ├─┬ tough-cookie@2.4.3
23 silly idealTree │ └── punycode@1.4.1
23 silly idealTree ├── tunnel-agent@0.6.0
23 silly idealTree ├── tweetnacl@0.14.5
23 silly idealTree ├── type-is@1.6.16
23 silly idealTree ├── uid-safe@2.1.5
23 silly idealTree ├── unpipe@1.0.0
23 silly idealTree ├── uri-js@4.2.2
23 silly idealTree ├── util-deprecate@1.0.2
23 silly idealTree ├── utils-merge@1.0.1
23 silly idealTree ├── uuid@3.3.2
23 silly idealTree ├── vary@1.1.2
23 silly idealTree ├── verror@1.10.0
23 silly idealTree └── xtend@4.0.1
24 silly generateActionsToTake Starting
25 silly install generateActionsToTake
26 silly generateActionsToTake Finishing
27 silly diffTrees action count 0
28 silly decomposeActions action count 0
29 silly executeActions Starting
30 silly install executeActions
31 silly doSerial global-install 0
32 silly doParallel fetch 0
33 verbose lock using /home/usver/.npm/_locks/staging-cdb135510ff1e7b8.lock for /home/usver/testing_for_court/node_modules/.staging
34 silly doParallel extract 0
35 silly doParallel preinstall 0
36 silly doReverseSerial remove 0
37 silly doSerial move 0
38 silly doSerial finalize 0
39 silly doSerial build 0
40 silly doSerial global-link 0
41 silly doParallel update-linked 0
42 silly doSerial install 0
43 silly doSerial postinstall 0
44 verbose unlock done using /home/usver/.npm/_locks/staging-cdb135510ff1e7b8.lock for /home/usver/testing_for_court/node_modules/.staging
45 silly executeActions Finishing
46 silly rollbackFailedOptional Starting
47 silly rollbackFailedOptional Finishing
48 silly runTopLevelLifecycles Starting
49 silly install runTopLevelLifecycles
50 silly preinstall mean-stack-registration-login-example@1.0.0 /home/usver/testing_for_court/mean-stack-registration-login-example-d47bcb1b
51 info lifecycle mean-stack-registration-login-example@1.0.0~preinstall: mean-stack-registration-login-example@1.0.0
52 silly lifecycle mean-stack-registration-login-example@1.0.0~preinstall: no script for preinstall, continuing
53 silly build mean-stack-registration-login-example@1.0.0
54 info linkStuff mean-stack-registration-login-example@1.0.0
55 silly linkStuff mean-stack-registration-login-example@1.0.0 has /home/usver as its parent node_modules
56 verbose linkBins mean-stack-registration-login-example@1.0.0
57 verbose linkMans mean-stack-registration-login-example@1.0.0
58 silly install mean-stack-registration-login-example@1.0.0 /home/usver/testing_for_court/mean-stack-registration-login-example-d47bcb1b
59 info lifecycle mean-stack-registration-login-example@1.0.0~install: mean-stack-registration-login-example@1.0.0
60 silly lifecycle mean-stack-registration-login-example@1.0.0~install: no script for install, continuing
61 silly postinstall mean-stack-registration-login-example@1.0.0 /home/usver/testing_for_court/mean-stack-registration-login-example-d47bcb1b
62 info lifecycle mean-stack-registration-login-example@1.0.0~postinstall: mean-stack-registration-login-example@1.0.0
63 silly lifecycle mean-stack-registration-login-example@1.0.0~postinstall: no script for postinstall, continuing
64 silly prepublish mean-stack-registration-login-example@1.0.0 /home/usver/testing_for_court/mean-stack-registration-login-example-d47bcb1b
65 info lifecycle mean-stack-registration-login-example@1.0.0~prepublish: mean-stack-registration-login-example@1.0.0
66 silly lifecycle mean-stack-registration-login-example@1.0.0~prepublish: no script for prepublish, continuing
67 silly runTopLevelLifecycles Finishing
68 silly install printInstalled
69 warn mongodb-core@1.2.26 requires a peer of kerberos@~0.0 but none was installed.
70 verbose stack Error: EIO: i/o error, write
70 verbose stack     at Object.fs.writeSync (fs.js:735:20)
70 verbose stack     at SyncWriteStream._write (internal/fs.js:74:6)
70 verbose stack     at doWrite (_stream_writable.js:397:12)
70 verbose stack     at writeOrBuffer (_stream_writable.js:383:5)
70 verbose stack     at SyncWriteStream.Writable.write (_stream_writable.js:290:11)
70 verbose stack     at SyncWriteStream.stream.write (/usr/share/npm/node_modules/npmlog/node_modules/ansi/lib/newlines.js:36:21)
70 verbose stack     at Cursor.write (/usr/share/npm/node_modules/npmlog/node_modules/ansi/lib/ansi.js:157:23)
70 verbose stack     at EventEmitter.log.write (/usr/share/npm/node_modules/npmlog/log.js:217:15)
70 verbose stack     at EventEmitter.<anonymous> (/usr/share/npm/node_modules/npmlog/log.js:188:12)
70 verbose stack     at Array.forEach (<anonymous>)
71 verbose cwd /home/usver/testing_for_court
72 error Linux 4.15.0-43-generic
73 error argv "/usr/bin/node" "/usr/bin/npm" "install"
74 error node v8.10.0
75 error npm  v3.5.2
76 error code EIO
77 error errno -5
78 error syscall write
79 error EIO: i/o error, write
80 error If you need help, you may report this error at:
80 error     <https://github.com/npm/npm/issues>
81 verbose exit [ -5, true ]
